<?xml version="1.0" encoding="UTF-8"?>
<!-- Generated by org.testng.reporters.JUnitXMLReporter -->
<testsuite hostname="DESKTOP-IRTQH73" ignored="0" name="Command line test" tests="8" failures="0" timestamp="07 Jun 2019 13:00:58 GMT" time="321.196" errors="0">
  <testcase name="@BeforeMethod setUp" time="53.19" classname="com.automationpractice.testcases.PersonalDetailsPageTest">
    <failure type="org.openqa.selenium.TimeoutException" message="Expected condition failed: waiting for visibility of element located by By.id: old_passwd (tried for 30 second(s) with 500 milliseconds interval)">
      <![CDATA[org.openqa.selenium.TimeoutException: Expected condition failed: waiting for visibility of element located by By.id: old_passwd (tried for 30 second(s) with 500 milliseconds interval)
at org.openqa.selenium.support.ui.WebDriverWait.timeoutException(WebDriverWait.java:81)
at org.openqa.selenium.support.ui.FluentWait.until(FluentWait.java:271)
at com.automationpractice.testcases.PersonalDetailsPageTest.setUp(PersonalDetailsPageTest.java:35)
Caused by: org.openqa.selenium.NoSuchElementException: Cannot locate an element using By.id: old_passwd
For documentation on this error, please visit: http://seleniumhq.org/exceptions/no_such_element.html
Build info: version: '3.12.0', revision: '7c6e0b3', time: '2018-05-08T14:04:26.12Z'
System info: host: 'DESKTOP-IRTQH73', ip: '192.168.0.104', os.name: 'Windows 10', os.arch: 'amd64', os.version: '10.0', java.version: '1.8.0_191'
Driver info: driver.version: unknown
at org.openqa.selenium.support.ui.ExpectedConditions.lambda$findElement$0(ExpectedConditions.java:896)
at java.util.Optional.orElseThrow(Optional.java:290)
at org.openqa.selenium.support.ui.ExpectedConditions.findElement(ExpectedConditions.java:895)
at org.openqa.selenium.support.ui.ExpectedConditions.access$000(ExpectedConditions.java:44)
at org.openqa.selenium.support.ui.ExpectedConditions$7.apply(ExpectedConditions.java:206)
at org.openqa.selenium.support.ui.ExpectedConditions$7.apply(ExpectedConditions.java:202)
at org.openqa.selenium.support.ui.FluentWait.until(FluentWait.java:248)
... 39 more
... Removed 38 stack frames]]>
    </failure>
  </testcase> <!-- @BeforeMethod setUp -->
  <testcase name="f" time="4.912" classname="com.automationpractice.testcases.LoginPageTest"/>
  <testcase name="changePasswordTest" time="0.0" classname="com.automationpractice.testcases.PersonalDetailsPageTest">
    <skipped/>
  </testcase> <!-- changePasswordTest -->
  <testcase name="createAccountTest" time="9.644" classname="com.automationpractice.testcases.RegistrationPageTest"/>
  <testcase name="createAccountTest" time="12.207" classname="com.automationpractice.testcases.RegistrationPageTest"/>
  <testcase name="createAccountTest" time="16.106" classname="com.automationpractice.testcases.RegistrationPageTest"/>
  <testcase name="createAccountTest" time="10.361" classname="com.automationpractice.testcases.RegistrationPageTest"/>
  <testcase name="createAccountTest" time="12.995" classname="com.automationpractice.testcases.RegistrationPageTest"/>
  <testcase name="createAccountTest" time="12.491" classname="com.automationpractice.testcases.RegistrationPageTest"/>
</testsuite> <!-- Command line test -->
