<!DOCTYPE html PUBLIC "-//W3C//DTD XHTML 1.1//EN" "http://www.w3.org/TR/xhtml11/DTD/xhtml11.dtd">
<html xmlns="http://www.w3.org/1999/xhtml">
<head>
<meta http-equiv="content-type" content="text/html; charset=UTF-8"/>
<title>TestNG Report</title>
<style type="text/css">table {margin-bottom:10px;border-collapse:collapse;empty-cells:show}th,td {border:1px solid #009;padding:.25em .5em}th {vertical-align:bottom}td {vertical-align:top}table a {font-weight:bold}.stripe td {background-color: #E6EBF9}.num {text-align:right}.passedodd td {background-color: #3F3}.passedeven td {background-color: #0A0}.skippedodd td {background-color: #DDD}.skippedeven td {background-color: #CCC}.failedodd td,.attn {background-color: #F33}.failedeven td,.stripe .attn {background-color: #D00}.stacktrace {white-space:pre;font-family:monospace}.totop {font-size:85%;text-align:center;border-bottom:2px solid #000}.invisible {display:none}</style>
</head>
<body>
<table>
<tr><th>Test</th><th># Passed</th><th># Skipped</th><th># Failed</th><th>Time (ms)</th><th>Included Groups</th><th>Excluded Groups</th></tr>
<tr><th colspan="7">Command line suite</th></tr>
<tr><td><a href="#t0">Command line test</a></td><td class="num">7</td><td class="num attn">1</td><td class="num">0</td><td class="num">321,196</td><td></td><td></td></tr>
</table>
<table id='summary'><thead><tr><th>Class</th><th>Method</th><th>Start</th><th>Time (ms)</th></tr></thead><tbody><tr><th colspan="4">Command line suite</th></tr></tbody><tbody id="t0"><tr><th colspan="4">Command line test &#8212; failed (configuration methods)</th></tr><tr class="failedeven"><td rowspan="1">com.automationpractice.testcases.PersonalDetailsPageTest</td><td><a href="#m0">setUp</a></td><td rowspan="1">1559912221208</td><td rowspan="1">53190</td></tr><tr><th colspan="4">Command line test &#8212; skipped</th></tr><tr class="skippedeven"><td rowspan="1">com.automationpractice.testcases.PersonalDetailsPageTest</td><td><a href="#m1">changePasswordTest</a></td><td rowspan="1">1559912274408</td><td rowspan="1">0</td></tr><tr><th colspan="4">Command line test &#8212; passed</th></tr><tr class="passedeven"><td rowspan="1">com.automationpractice.testcases.LoginPageTest</td><td><a href="#m2">f</a></td><td rowspan="1">1559912215640</td><td rowspan="1">4912</td></tr><tr class="passedodd"><td rowspan="6">com.automationpractice.testcases.RegistrationPageTest</td><td><a href="#m3">createAccountTest</a></td><td rowspan="6">1559912355811</td><td rowspan="6">16106</td></tr><tr class="passedodd"><td><a href="#m4">createAccountTest</a></td></tr><tr class="passedodd"><td><a href="#m5">createAccountTest</a></td></tr><tr class="passedodd"><td><a href="#m6">createAccountTest</a></td></tr><tr class="passedodd"><td><a href="#m7">createAccountTest</a></td></tr><tr class="passedodd"><td><a href="#m8">createAccountTest</a></td></tr></tbody>
</table>
<h2>Command line test</h2><h3 id="m0">com.automationpractice.testcases.PersonalDetailsPageTest#setUp</h3><table class="result"><tr><th>Exception</th></tr><tr><td><div class="stacktrace">org.openqa.selenium.TimeoutException: Expected condition failed: waiting for visibility of element located by By.id: old_passwd (tried for 30 second(s) with 500 milliseconds interval)
	at org.openqa.selenium.support.ui.WebDriverWait.timeoutException(WebDriverWait.java:81)
	at org.openqa.selenium.support.ui.FluentWait.until(FluentWait.java:271)
	at com.automationpractice.testcases.PersonalDetailsPageTest.setUp(PersonalDetailsPageTest.java:35)
Caused by: org.openqa.selenium.NoSuchElementException: Cannot locate an element using By.id: old_passwd
For documentation on this error, please visit: http://seleniumhq.org/exceptions/no_such_element.html
Build info: version: &apos;3.12.0&apos;, revision: &apos;7c6e0b3&apos;, time: &apos;2018-05-08T14:04:26.12Z&apos;
System info: host: &apos;DESKTOP-IRTQH73&apos;, ip: &apos;192.168.0.104&apos;, os.name: &apos;Windows 10&apos;, os.arch: &apos;amd64&apos;, os.version: &apos;10.0&apos;, java.version: &apos;1.8.0_191&apos;
Driver info: driver.version: unknown
	at org.openqa.selenium.support.ui.ExpectedConditions.lambda$findElement$0(ExpectedConditions.java:896)
	at java.util.Optional.orElseThrow(Optional.java:290)
	at org.openqa.selenium.support.ui.ExpectedConditions.findElement(ExpectedConditions.java:895)
	at org.openqa.selenium.support.ui.ExpectedConditions.access$000(ExpectedConditions.java:44)
	at org.openqa.selenium.support.ui.ExpectedConditions$7.apply(ExpectedConditions.java:206)
	at org.openqa.selenium.support.ui.ExpectedConditions$7.apply(ExpectedConditions.java:202)
	at org.openqa.selenium.support.ui.FluentWait.until(FluentWait.java:248)
	... 39 more
... Removed 38 stack frames</div></td></tr></table><p class="totop"><a href="#summary">back to summary</a></p>
<h3 id="m1">com.automationpractice.testcases.PersonalDetailsPageTest#changePasswordTest</h3><table class="result"><tr><th>Exception</th></tr><tr><td><div class="stacktrace">org.openqa.selenium.TimeoutException: Expected condition failed: waiting for visibility of element located by By.id: old_passwd (tried for 30 second(s) with 500 milliseconds interval)
	at org.openqa.selenium.support.ui.WebDriverWait.timeoutException(WebDriverWait.java:81)
	at org.openqa.selenium.support.ui.FluentWait.until(FluentWait.java:271)
	at com.automationpractice.testcases.PersonalDetailsPageTest.setUp(PersonalDetailsPageTest.java:35)
Caused by: org.openqa.selenium.NoSuchElementException: Cannot locate an element using By.id: old_passwd
For documentation on this error, please visit: http://seleniumhq.org/exceptions/no_such_element.html
Build info: version: &apos;3.12.0&apos;, revision: &apos;7c6e0b3&apos;, time: &apos;2018-05-08T14:04:26.12Z&apos;
System info: host: &apos;DESKTOP-IRTQH73&apos;, ip: &apos;192.168.0.104&apos;, os.name: &apos;Windows 10&apos;, os.arch: &apos;amd64&apos;, os.version: &apos;10.0&apos;, java.version: &apos;1.8.0_191&apos;
Driver info: driver.version: unknown
	at org.openqa.selenium.support.ui.ExpectedConditions.lambda$findElement$0(ExpectedConditions.java:896)
	at java.util.Optional.orElseThrow(Optional.java:290)
	at org.openqa.selenium.support.ui.ExpectedConditions.findElement(ExpectedConditions.java:895)
	at org.openqa.selenium.support.ui.ExpectedConditions.access$000(ExpectedConditions.java:44)
	at org.openqa.selenium.support.ui.ExpectedConditions$7.apply(ExpectedConditions.java:206)
	at org.openqa.selenium.support.ui.ExpectedConditions$7.apply(ExpectedConditions.java:202)
	at org.openqa.selenium.support.ui.FluentWait.until(FluentWait.java:248)
	... 39 more
... Removed 38 stack frames</div></td></tr></table><p class="totop"><a href="#summary">back to summary</a></p>
<h3 id="m2">com.automationpractice.testcases.LoginPageTest#f</h3><table class="result"><tr><th class="invisible"/></tr></table><p class="totop"><a href="#summary">back to summary</a></p>
<h3 id="m3">com.automationpractice.testcases.RegistrationPageTest#createAccountTest</h3><table class="result"><tr class="param"><th>Parameter #1</th><th>Parameter #2</th><th>Parameter #3</th><th>Parameter #4</th><th>Parameter #5</th><th>Parameter #6</th><th>Parameter #7</th><th>Parameter #8</th><th>Parameter #9</th><th>Parameter #10</th><th>Parameter #11</th><th>Parameter #12</th><th>Parameter #13</th><th>Parameter #14</th><th>Parameter #15</th><th>Parameter #16</th></tr><tr class="param stripe"><td>Mr.</td><td>FN</td><td>LN</td><td>FN3@LN3.com</td><td>broadband</td><td>9</td><td>2</td><td>1988</td><td>FN</td><td>LN</td><td>87 5th avenue</td><td>New York</td><td>32</td><td>10003</td><td>2147483647</td><td>testAddress3</td></tr></table><p class="totop"><a href="#summary">back to summary</a></p>
<h3 id="m4">com.automationpractice.testcases.RegistrationPageTest#createAccountTest</h3><table class="result"><tr class="param"><th>Parameter #1</th><th>Parameter #2</th><th>Parameter #3</th><th>Parameter #4</th><th>Parameter #5</th><th>Parameter #6</th><th>Parameter #7</th><th>Parameter #8</th><th>Parameter #9</th><th>Parameter #10</th><th>Parameter #11</th><th>Parameter #12</th><th>Parameter #13</th><th>Parameter #14</th><th>Parameter #15</th><th>Parameter #16</th></tr><tr class="param stripe"><td>Mrs.</td><td>FN</td><td>LN</td><td>FN5@LN5.com</td><td>broadband</td><td>9</td><td>2</td><td>1988</td><td>FN</td><td>LN</td><td>89 5th avenue</td><td>New York</td><td>32</td><td>10003</td><td>2147483647</td><td>testAddress5</td></tr></table><p class="totop"><a href="#summary">back to summary</a></p>
<h3 id="m5">com.automationpractice.testcases.RegistrationPageTest#createAccountTest</h3><table class="result"><tr class="param"><th>Parameter #1</th><th>Parameter #2</th><th>Parameter #3</th><th>Parameter #4</th><th>Parameter #5</th><th>Parameter #6</th><th>Parameter #7</th><th>Parameter #8</th><th>Parameter #9</th><th>Parameter #10</th><th>Parameter #11</th><th>Parameter #12</th><th>Parameter #13</th><th>Parameter #14</th><th>Parameter #15</th><th>Parameter #16</th></tr><tr class="param stripe"><td>Mr.</td><td>FN</td><td>LN</td><td>FN7@LN7.com</td><td>broadband</td><td>9</td><td>2</td><td>1988</td><td>FN</td><td>LN</td><td>85 5th avenue</td><td>New York</td><td>32</td><td>10003</td><td>2147483647</td><td>testAddress1</td></tr></table><p class="totop"><a href="#summary">back to summary</a></p>
<h3 id="m6">com.automationpractice.testcases.RegistrationPageTest#createAccountTest</h3><table class="result"><tr class="param"><th>Parameter #1</th><th>Parameter #2</th><th>Parameter #3</th><th>Parameter #4</th><th>Parameter #5</th><th>Parameter #6</th><th>Parameter #7</th><th>Parameter #8</th><th>Parameter #9</th><th>Parameter #10</th><th>Parameter #11</th><th>Parameter #12</th><th>Parameter #13</th><th>Parameter #14</th><th>Parameter #15</th><th>Parameter #16</th></tr><tr class="param stripe"><td>Mrs.</td><td>FN</td><td>LN</td><td>FN9@LN9.com</td><td>broadband</td><td>9</td><td>2</td><td>1988</td><td>FN</td><td>LN</td><td>88 5th avenue</td><td>New York</td><td>32</td><td>10003</td><td>2147483647</td><td>testAddress4</td></tr></table><p class="totop"><a href="#summary">back to summary</a></p>
<h3 id="m7">com.automationpractice.testcases.RegistrationPageTest#createAccountTest</h3><table class="result"><tr class="param"><th>Parameter #1</th><th>Parameter #2</th><th>Parameter #3</th><th>Parameter #4</th><th>Parameter #5</th><th>Parameter #6</th><th>Parameter #7</th><th>Parameter #8</th><th>Parameter #9</th><th>Parameter #10</th><th>Parameter #11</th><th>Parameter #12</th><th>Parameter #13</th><th>Parameter #14</th><th>Parameter #15</th><th>Parameter #16</th></tr><tr class="param stripe"><td>Mrs.</td><td>FN</td><td>LN</td><td>FN8@LN8.com</td><td>broadband</td><td>9</td><td>2</td><td>1988</td><td>FN</td><td>LN</td><td>86 5th avenue</td><td>New York</td><td>32</td><td>10003</td><td>2147483647</td><td>testAddress2</td></tr></table><p class="totop"><a href="#summary">back to summary</a></p>
<h3 id="m8">com.automationpractice.testcases.RegistrationPageTest#createAccountTest</h3><table class="result"><tr class="param"><th>Parameter #1</th><th>Parameter #2</th><th>Parameter #3</th><th>Parameter #4</th><th>Parameter #5</th><th>Parameter #6</th><th>Parameter #7</th><th>Parameter #8</th><th>Parameter #9</th><th>Parameter #10</th><th>Parameter #11</th><th>Parameter #12</th><th>Parameter #13</th><th>Parameter #14</th><th>Parameter #15</th><th>Parameter #16</th></tr><tr class="param stripe"><td>Mrs.</td><td>FN</td><td>LN</td><td>FN12@LN12.com</td><td>broadband</td><td>9</td><td>2</td><td>1988</td><td>FN</td><td>LN</td><td>90 5th avenue</td><td>New York</td><td>32</td><td>10003</td><td>2147483647</td><td>testAddress6</td></tr></table><p class="totop"><a href="#summary">back to summary</a></p>
</body>
</html>
